Case #1: 1 0
Case #2: 1 0
Case #3: 1 1
Case #4: 0 0
Case #5: 500 499
Case #6: 0 0
Case #7: 0 0
Case #8: 2 2
Case #9: 1 1
Case #10: 1 0
Case #11: 1 0
Case #12: 1 1
Case #13: 125 124
Case #14: 0 0
Case #15: 0 0
Case #16: 1 1
Case #17: 1 0
Case #18: 0 0
Case #19: 0 0
Case #20: 0 0
Case #21: 249 249
Case #22: 0 0
Case #23: 0 0
Case #24: 1 0
Case #25: 0 0
Case #26: 0 0
Case #27: 0 0
Case #28: 0 0
Case #29: 0 0
Case #30: 3 3
Case #31: 0 0
Case #32: 1 0
Case #33: 0 0
Case #34: 0 0
Case #35: 3 2
Case #36: 0 0
Case #37: 0 0
Case #38: 1 1
Case #39: 0 0
Case #40: 1 0
Case #41: 3 3
Case #42: 0 0
Case #43: 7 6
Case #44: 1 0
Case #45: 1 0
Case #46: 0 0
Case #47: 0 0
Case #48: 1 0
Case #49: 1 1
Case #50: 0 0
Case #51: 3 2
Case #52: 1 0
Case #53: 1 1
Case #54: 0 0
Case #55: 1 1
Case #56: 250 249
Case #57: 0 0
Case #58: 0 0
Case #59: 1 0
Case #60: 0 0
Case #61: 1 0
Case #62: 3 3
Case #63: 1 0
Case #64: 0 0
Case #65: 1 1
Case #66: 0 0
Case #67: 0 0
Case #68: 0 0
Case #69: 1 0
Case #70: 0 0
Case #71: 0 0
Case #72: 2 1
Case #73: 0 0
Case #74: 7 6
Case #75: 0 0
Case #76: 1 1
Case #77: 1 0
Case #78: 1 0
Case #79: 0 0
Case #80: 0 0
Case #81: 250 249
Case #82: 499 499
Case #83: 0 0
Case #84: 0 0
Case #85: 3 2
Case #86: 0 0
Case #87: 0 0
Case #88: 0 0
Case #89: 0 0
Case #90: 1 1
Case #91: 0 0
Case #92: 1 0
Case #93: 0 0
Case #94: 0 0
Case #95: 1 0
Case #96: 1 0
Case #97: 0 0
Case #98: 3 3
Case #99: 3 2
Case #100: 0 0
