Case #1: 1 0
Case #2: 1 0
Case #3: 1 1
Case #4: 0 0
Case #5: 500 499
Case #6: 7812 7811
Case #7: 1 0
Case #8: 0 0
Case #9: 0 0
Case #10: 0 0
Case #11: 3906 3905
Case #12: 0 0
Case #13: 3 2
Case #14: 0 0
Case #15: 125000 124999
Case #16: 0 0
Case #17: 1 1
Case #18: 3 2
Case #19: 1 0
Case #20: 1 1
Case #21: 1 1
Case #22: 0 0
Case #23: 1 0
Case #24: 1 0
Case #25: 1 0
Case #26: 0 0
Case #27: 1 0
Case #28: 1 0
Case #29: 1 0
Case #30: 0 0
Case #31: 3906 3905
Case #32: 0 0
Case #33: 1 0
Case #34: 1 0
Case #35: 0 0
Case #36: 1 0
Case #37: 1 1
Case #38: 0 0
Case #39: 0 0
Case #40: 0 0
Case #41: 0 0
Case #42: 0 0
Case #43: 0 0
Case #44: 0 0
Case #45: 2 2
Case #46: 0 0
Case #47: 0 0
Case #48: 0 0
Case #49: 0 0
Case #50: 0 0
Case #51: 0 0
Case #52: 0 0
Case #53: 0 0
Case #54: 1 0
Case #55: 2 1
Case #56: 1 0
Case #57: 499999 499999
Case #58: 1 1
Case #59: 249999 249999
Case #60: 1 0
Case #61: 1 0
Case #62: 0 0
Case #63: 0 0
Case #64: 0 0
Case #65: 3 2
Case #66: 0 0
Case #67: 1 0
Case #68: 0 0
Case #69: 500000 499999
Case #70: 0 0
Case #71: 0 0
Case #72: 0 0
Case #73: 0 0
Case #74: 7812 7811
Case #75: 0 0
Case #76: 250000 249999
Case #77: 1953 1952
Case #78: 0 0
Case #79: 1 0
Case #80: 0 0
Case #81: 0 0
Case #82: 0 0
Case #83: 0 0
Case #84: 0 0
Case #85: 1 1
Case #86: 0 0
Case #87: 1 0
Case #88: 3905 3905
Case #89: 0 0
Case #90: 1 1
Case #91: 1 0
Case #92: 1 1
Case #93: 1 1
Case #94: 0 0
Case #95: 1 1
Case #96: 0 0
Case #97: 0 0
Case #98: 0 0
Case #99: 250000 249999
Case #100: 0 0
