Case #1: 3 4 6
Case #2: 1 2 3 4 5 6 7 8 9 10
Case #3: 3 7
Case #4: 11 14 17 19 21 22
Case #5: 17 22 24 28 29 33 35 40 44
Case #6: 2 7 8 9 10 11 25
Case #7: 3 4 5
Case #8: 19 23 28 31 36 38
Case #9: 2 4
Case #10: 7 10 11 14 21
Case #11: 20 35 38 42 47 48 52 54 59 62
Case #12: 72 77 116 125 161 185 189 206 216 222
Case #13: 2 3 4 5
Case #14: 9 11 17 18 21
Case #15: 2 3 7 10 14 18 21 23 24
Case #16: 4 8
Case #17: 72 96 99 125
Case #18: 8 9 14 15 25 26 28 29 31 34
Case #19: 1 3 6 7
Case #20: 8 9 11 13 14 16 18 20 21 22
Case #21: 5 12 19 26 33 40 47
Case #22: 2 6
Case #23: 11 16 18 21 22 24 25 27 28 29
Case #24: 7 8 11 17 19
Case #25: 1 3 5 7 9 10 11 13
Case #26: 2 3 4
Case #27: 1 3 5 7 8
Case #28: 2 22
Case #29: 13 18 19 21 24 26 29 32 36 39
Case #30: 3 11 18 19 20 21 22 23 24 51
Case #31: 3 5 6 7
Case #32: 9 13 15 17 19 21 23
Case #33: 5 6 7 8 9 10 11
Case #34: 19 26 27 32 40 43 48 50 54
Case #35: 8 9 11 13
Case #36: 8 16 21 25 29 33 38
Case #37: 8 11 13 15 16 20 21 24
Case #38: 11 12 16 20 23 26 27
Case #39: 7 9 13 15 18 20 22 24 26
Case #40: 3 4
Case #41: 63 69 122 139 151 174 213
Case #42: 14 23 25 30 32 34 38 41 44 46
Case #43: 13 14 15 16
Case #44: 7 10 12 14 17 18 19
Case #45: 1 2 3
Case #46: 5 11 12 18 21
Case #47: 6 8
Case #48: 10 17 20 24 26 31
Case #49: 8 9 10 11 12 13 14 15 16 17
Case #50: 22 222
