Case #1: 3
Case #2: 1
Case #3: IMPOSSIBLE
Case #4: 2 1
Case #5: 8 1
Case #6: 25678050356 1
Case #7: 81693074792243768 400664821
Case #8: IMPOSSIBLE
Case #9: IMPOSSIBLE
Case #10: IMPOSSIBLE
Case #11: 115783791 101301766 86819741 72337716 57855691 43373666 28891641 14409616 1
Case #12: IMPOSSIBLE
Case #13: 22
Case #14: 3 2 1
Case #15: 1
Case #16: 1
Case #17: 282458553906
Case #18: 229
Case #19: IMPOSSIBLE
Case #20: IMPOSSIBLE
Case #21: 38247219787 4009966
Case #22: 9876543211
Case #23: 3595870106656425 3265171693042145 2934473279427865 2603774865813585 2273076452199305 1942378038585025 1611679624970745 1280981211356465 950282797742185 619584384127905 288885970513625
Case #24: 5183 5037 4891 4745 4599 4453 4307 4161 4015 3869 3723 3577 3431 3285 3139 2993 2847 2701 2555 2409 2263 2117 1971 1825 1679 1533 1387 1241 1095 949 803 657 511 365 219 73
Case #25: 22
Case #26: 31634847 29924543 28214239 26503935 24793631 23083327 21373023 19662719 17952415 16242111 14531807 12821503 11111199 9400895 7690591 5980287 4269983 2559679 11326
Case #27: 1
Case #28: 999898 969595 939292 908989 878686 848383 818080 787777 757474 727171 696868 666565 636262 605959 575656 545353 515050 484747 454444 424141 393838 363535 333232 302929 272626 242323 212020 181717 151414 121111 90808 60505 30202 1
Case #29: IMPOSSIBLE
Case #30: 99989797 95949393 91908989 87868585 83828181 79787777 75747373 71706969 67666565 63626161 59585757 55545353 51504949 47464545 43424141 39383737 35343333 31302929 27262525 23222121 19181717 15141313 11100909 7060505 3020101
Case #31: 1
Case #32: 381367045
Case #33: 1
Case #34: 70 69 68 67 66 65 64 63 62 61 60 59 58 57 56 55 54 53 52 51 50 49 48 47 46 45 44 43 42 41 40 39 38 37 36 35 34 33 32 31 30 29 28 27 26 25 24 23 22 21 20 19 18 17 16 15 14 13 12 11 10 9 8 7 6 5 4 3 2 1
Case #35: IMPOSSIBLE
Case #36: 331149 273449 215749 158049 100349 42649
Case #37: 3
Case #38: IMPOSSIBLE
Case #39: IMPOSSIBLE
Case #40: 8 1
Case #41: 100 99 98 97 96 95 94 93 92 91 90 89 88 87 86 85 84 83 82 81 80 79 78 77 76 75 74 73 72 71 70 69 68 67 66 65 64 63 62 61 60 59 58 57 56 55 54 53 52 51 50 49 48 47 46 45 44 43 42 41 40 39 38 37 36 35 34 33 32 31 30 29 28 27 26 25 24 23 22 21 20 19 18 17 16 15 14 13 12 11 10 9 8 7 6 5 4 3 2 1
Case #42: 408735788 229212619 596
Case #43: 42838 39055 35272 31489 27706 23923 20140 16357 12574 8791 5008 36
Case #44: IMPOSSIBLE
Case #45: 229
Case #46: 42167994838 37804491358 33440987878 29077484398 24713980918 20350477438 15986973958 11623470478 7259966998 49092603
Case #47: 5475 5325 5175 5025 4875 4725 4575 4425 4275 4125 3975 3825 3675 3525 3375 3225 3075 2925 2775 2625 2475 2325 2175 2025 1875 1725 1575 1425 1275 1125 975 825 675 525 375 225 75
Case #48: 15 14 13 12 11 10 9 8 7 6 5 4 3 2 1
Case #49: 604488056535478311 502003012467681701 399517968399885091 297032924332088481 194547880264291871 92062836196495261
Case #50: 11862366 9486091 7109816 4733541 2357266 1
Case #51: 15 5
Case #52: 58 1
Case #53: 319105133726 267129676339 215154218952 163178761565 111203304178 59227846791 45
Case #54: 617787538893220 488413200391231 359038861889242 229664523387253 2279322383757
Case #55: 22
Case #56: IMPOSSIBLE
Case #57: 40345131132115102 35081617175593363 29818103219071624 24554589262549885 19291075306028146 14027561349506407 8764047392984668 714394578871
Case #58: 274558 261685 248812 235939 223066 210193 197320 184447 171574 158701 145828 132955 120082 107209 94336 81463 68590 55717 42844 29971 17098 66
Case #59: 33356245 31576929 29797613 28018297 26238981 24459665 22680349 20901033 19121717 17342401 15563085 13783769 12004453 10225137 8445821 6666505 4887189 3107873 1328557
Case #60: IMPOSSIBLE
Case #61: 229
Case #62: IMPOSSIBLE
Case #63: 3
Case #64: 2380046579572890 1287294758690729 1276
Case #65: 4 3 2 1
Case #66: IMPOSSIBLE
Case #67: 1
Case #68: 582993316600872 276921825385415
Case #69: IMPOSSIBLE
Case #70: 377096064730 350156813614 323217562498 296278311382 269339060266 242399809150 215460558034 188521306918 161582055802 134642804686 107703553570 80764302454 53825051338 26885800222 1
Case #71: 3
Case #72: 1
Case #73: 98766 43211
Case #74: 157408 148495 139582 130669 121756 112843 103930 95017 86104 77191 68278 59365 50452 41539 32626 23713 14800 5887
Case #75: 1677452777439513 1507556919211665 1337661060983817 1167765202755969 997869344528121 827973486300273 658077628072425 488181769844577 318285911616729 148390053388881
Case #76: 999897969594939292 908988878685848383 818079787776757474 727170696867666565 636261605958575656 545352515049484747 454443424140393838 363534333231302929 272625242322212020 181716151413121111 90807060504030202 1
Case #77: 1
Case #78: 104789756 48028639
Case #79: 50492748987834506 33118899873740913 15745050759647320
Case #80: 1
Case #81: 22
Case #82: 6549291255753 5204963050625 3860634845497 2516306640369 1171978435241
Case #83: 6239551041 5892866516 5546181991 5199497466 4852812941 4506128416 4159443891 3812759366 3466074841 3119390316 2772705791 2426021266 2079336741 1732652216 1385967691 1039283166 692598641 345914116 1
Case #84: 22
Case #85: IMPOSSIBLE
Case #86: IMPOSSIBLE
Case #87: 9999 9797 9595 9393 9191 8989 8787 8585 8383 8181 7979 7777 7575 7373 7171 6969 6767 6565 6363 6161 5959 5757 5555 5353 5151 4949 4747 4545 4343 4141 3939 3737 3535 3333 3131 2929 2727 2525 2323 2121 1919 1717 1515 1313 1111 909 707 505 303 101
Case #88: 22
Case #89: 435659737878916216
Case #90: IMPOSSIBLE
Case #91: 6948508389 3460629669 1
Case #92: 1318 919 520 12
Case #93: 2724519067673733 2465004281922245 2205489496170757 1945974710419269 1686459924667781 1426945138916293 1167430353164805 907915567413317 648400781661829 388885995910341 210659411
Case #94: 13474419694 9976253043 6478086392 2979919741
Case #95: 257291801060132590 230045368638897619 202798936217662648 175552503796427677 148306071375192706 121059638953957735 93813206532722764 66566774111487793 39320341690252822 220726311
Case #96: 1
Case #97: 71737338064426035 17
Case #98: 381367045
Case #99: 3
Case #100: IMPOSSIBLE
