Case #1: 3
Case #2: 1
Case #3: 2 1
Case #4: 8 1
Case #5: 1
Case #6: 800668
Case #7: 3 2 1
Case #8: 50367 35903 21439 466
Case #9: 840 780 720 660 600 540 480 420 360 300 240 180 120 60 1
Case #10: 3902915984968270 3239920641367891 2576925297767512 1913929954167133 1250934610566754 587939266966375
Case #11: 9876543211
Case #12: 2931
Case #13: 3358 2635 1912 1189 466
Case #14: 163732281394 134325101907 104917922420 75510742933 46103563446 10435241
Case #15: 6956061755 6577970250 6199878745 5821787240 5443695735 5065604230 4687512725 4309421220 3931329715 3553238210 3175146705 2797055200 2418963695 2040872190 1662780685 1284689180 906597675 528506170 17392
Case #16: 24358 21745 19132 16519 13906 11293 8680 6067 3454 30
Case #17: 68 67 66 65 64 63 62 61 60 59 58 57 56 55 54 53 52 51 50 49 48 47 46 45 44 43 42 41 40 39 38 37 36 35 34 33 32 31 30 29 28 27 26 25 24 23 22 21 20 19 18 17 16 15 14 13 12 11 10 9 8 7 6 5 4 3 2 1
Case #18: 48 32 16 1
Case #19: 17 16 15 14 13 12 11 10 9 8 7 6 5 4 3 2 1
Case #20: 22
Case #21: 3520668190028 3116548481119 2712428772210 2308309063301 1904189354392 1500069645483 1095949936574 691830227665 4640492239
Case #22: 1
Case #23: 58 1
Case #24: 14772365 13803425 12834485 11865545 10896605 9927665 8958725 7989785 7020845 6051905 5082965 4114025 3145085 2176145 1207205 63
Case #25: 100 99 98 97 96 95 94 93 92 91 90 89 88 87 86 85 84 83 82 81 80 79 78 77 76 75 74 73 72 71 70 69 68 67 66 65 64 63 62 61 60 59 58 57 56 55 54 53 52 51 50 49 48 47 46 45 44 43 42 41 40 39 38 37 36 35 34 33 32 31 30 29 28 27 26 25 24 23 22 21 20 19 18 17 16 15 14 13 12 11 10 9 8 7 6 5 4 3 2 1
Case #26: 34138021712682 7448704
Case #27: 98766 43211
Case #28: 874831460698882668 658723973129881
Case #29: 1677452777439513 1507556919211665 1337661060983817 1167765202755969 997869344528121 827973486300273 658077628072425 488181769844577 318285911616729 148390053388881
Case #30: 3937955930364 3493232309813 3048508689262 2603785068711 2159061448160 1714337827609 1269614207058 824890586507 380166965956
Case #31: 36 35 34 33 32 31 30 29 28 27 26 25 24 23 22 21 20 19 18 17 16 15 14 13 12 11 10 9 8 7 6 5 4 3 2 1
Case #32: 13533448522467190 11536173458264371 9538898394061552 7541623329858733 5544348265655914 3547073201453095 24996744149199
Case #33: 1
Case #34: 3
Case #35: 22
Case #36: 7224 7052 6880 6708 6536 6364 6192 6020 5848 5676 5504 5332 5160 4988 4816 4644 4472 4300 4128 3956 3784 3612 3440 3268 3096 2924 2752 2580 2408 2236 2064 1892 1720 1548 1376 1204 1032 860 688 516 344 172 1
Case #37: 1235522348283909 1105444843910469 975367339537029 845289835163589 715212330790149 585134826416709 455057322043269 324979817669829 194902313296389 141993699
Case #38: 2931
Case #39: 78149185725 49672463805 921553996
Case #40: 279263 228383 177503 126623 75743 1082
Case #41: 312369846 280482091 248594336 216706581 184818826 152931071 121043316 89155561 57267806 25380051
Case #42: 530809084423305589 310902463733650417 124822831
Case #43: 1152828504673837 9885907
Case #44: 115783791 101301766 86819741 72337716 57855691 43373666 28891641 14409616 1
Case #45: 5420816473090 3466195148659 58137454779
Case #46: 167913349037633 145138894800345 122364440563057 99589986325769 76815532088481 54041077851193 31266623613905 655261
Case #47: 74 73 72 71 70 69 68 67 66 65 64 63 62 61 60 59 58 57 56 55 54 53 52 51 50 49 48 47 46 45 44 43 42 41 40 39 38 37 36 35 34 33 32 31 30 29 28 27 26 25 24 23 22 21 20 19 18 17 16 15 14 13 12 11 10 9 8 7 6 5 4 3 2 1
Case #48: 22
Case #49: 167720100674403270 596
Case #50: 3
Case #51: 44791
Case #52: 1784154057417 1351234322897 918314588377 485394853857 35
Case #53: 3
Case #54: 99989797 95949393 91908989 87868585 83828181 79787777 75747373 71706969 67666565 63626161 59585757 55545353 51504949 47464545 43424141 39383737 35343333 31302929 27262525 23222121 19181717 15141313 11100909 7060505 3020101
Case #55: 300771807240919
Case #56: 4224 4092 3960 3828 3696 3564 3432 3300 3168 3036 2904 2772 2640 2508 2376 2244 2112 1980 1848 1716 1584 1452 1320 1188 1056 924 792 660 528 396 264 132 1
Case #57: 921734760119590 737296727585779 552858695051968 368420662518157 183982629984346 1
Case #58: 22
Case #59: 1
Case #60: 60661237952170 44102058106771 27542878261372 9501469219
Case #61: 999897969594939292 908988878685848383 818079787776757474 727170696867666565 636261605958575656 545352515049484747 454443424140393838 363534333231302929 272625242322212020 181716151413121111 90807060504030202 1
Case #62: 51669722170060 47650469797281 43631217424502 39611965051723 35592712678944 31573460306165 27554207933386 23534955560607 19515703187828 15496450815049 11477198442270 7457946069491 3438693696712
Case #63: 3298543265030017 2727430335679648 2156317406329279 1585204476978910 1014091547628541 8358087137325
Case #64: 9038247270 8572308715 8106370160 7640431605 7174493050 6708554495 6242615940 5776677385 5310738830 4844800275 4378861720 3912923165 3446984610 2981046055 2515107500 2049168945 1583230390 1117291835 651353280 19307
Case #65: 104613 79913 55213 30513 19
Case #66: 4701944717475453 4283942470706429 3865940223937405 3447937977168381 3029935730399357 2611933483630333 2193931236861309 1775928990092285 1357926743323261 939924496554237 521922249785213 16654
Case #67: 56 55 54 53 52 51 50 49 48 47 46 45 44 43 42 41 40 39 38 37 36 35 34 33 32 31 30 29 28 27 26 25 24 23 22 21 20 19 18 17 16 15 14 13 12 11 10 9 8 7 6 5 4 3 2 1
Case #68: 6633453497554173 6068840364542205 5504227231530237 4939614098518269 4375000965506301 3810387832494333 3245774699482365 2681161566470397 2116548433458429 1551935300446461 987322167434493 4449568783396
Case #69: 3
Case #70: 6838 5695 4552 3409 2266 1123 1
Case #71: 229
Case #72: 22
Case #73: 104789756 48028639
Case #74: 229
Case #75: 1
Case #76: 3
Case #77: 4983535301 4693755696 4403976091 4114196486 3824416881 3534637276 3244857671 2955078066 2665298461 2375518856 2085739251 1795959646 1506180041 1216400436 926620831 636841226 347061621 88
Case #78: 3
Case #79: 22
Case #80: 2054354 1
Case #81: 9 8 7 6 5 4 3 2 1
Case #82: 281404058349177 245661204163697 209918349978217 174175495792737 138432641607257 102689787421777 66946933236297 31204079050817
Case #83: 2499 2397 2295 2193 2091 1989 1887 1785 1683 1581 1479 1377 1275 1173 1071 969 867 765 663 561 459 357 255 153 51
Case #84: 90161717 78290112 66418507 54546902 42675297 30803692 18932087 181039
Case #85: 4 3 2 1
Case #86: 192665670811 177249676525 161833682239 146417687953 131001693667 115585699381 100169705095 84753710809 69337716523 53921722237 38505727951 23089733665 1328557
Case #87: 999898 969595 939292 908989 878686 848383 818080 787777 757474 727171 696868 666565 636262 605959 575656 545353 515050 484747 454444 424141 393838 363535 333232 302929 272626 242323 212020 181717 151414 121111 90808 60505 30202 1
Case #88: 1
Case #89: 22662219 21328859 19995499 18662139 17328779 15995419 14662059 13328699 11995339 10661979 9328619 7995259 6661899 5328539 3995179 2661819 1328459 1
Case #90: 2249927401533 1720074368445 1190221335357 660368302269 2486
Case #91: 6888 6720 6552 6384 6216 6048 5880 5712 5544 5376 5208 5040 4872 4704 4536 4368 4200 4032 3864 3696 3528 3360 3192 3024 2856 2688 2520 2352 2184 2016 1848 1680 1512 1344 1176 1008 840 672 504 336 168 1
Case #92: 9999 9797 9595 9393 9191 8989 8787 8585 8383 8181 7979 7777 7575 7373 7171 6969 6767 6565 6363 6161 5959 5757 5555 5353 5151 4949 4747 4545 4343 4141 3939 3737 3535 3333 3131 2929 2727 2525 2323 2121 1919 1717 1515 1313 1111 909 707 505 303 101
Case #93: 800668
Case #94: 15 5
Case #95: 72276221943857 61362718345497 50449214747137 39535711148777 28622207550417 17708703952057 2330315623
Case #96: 1
Case #97: 1
Case #98: 287543088971 8639
Case #99: 9238 7849 6460 5071 3682 2293 904
Case #100: 66527924302800370 58324312015461811 50120699728123252 41917087440784693 33713475153446134 25509862866107575 17306250578769016 9102638291430457 75
