Case #1: CAB
Case #2: MJA
Case #3: OCDE
Case #4: BBAAA
Case #5: CCCABBBAB
Case #6: CCCBAABAB
Case #7: ZXCASDQWE
Case #8: BA
Case #9: CBA
Case #10: DCBBBBAAAAAAAA
Case #11: ZAAAA
Case #12: CCCCCCBBBBABAAA
Case #13: ZDABC
Case #14: ONBDHFIJGEKLCAM
Case #15: CCCBBAAAABABABA
Case #16: MMKJIDCBALHGFEA
Case #17: ZABCD
Case #18: BAA
Case #19: BBB
Case #20: CCCCCBBBAAAAAB
Case #21: AA
Case #22: CCCCCBBBABBBABA
Case #23: CCCCCCCBABBABAB
Case #24: ZACBA
Case #25: OMNLKHIJEFGDCBA
Case #26: MMKHFCBALJIGEDA
Case #27: BAAA
Case #28: BAAA
Case #29: CBBBBAAAAAAAA
Case #30: ZXXQJHDQJTKWRQR
Case #31: CCCCCABBAABAABB
Case #32: CCCCCCCCAABBBBA
Case #33: CCCABABBBABABBA
Case #34: BAA
Case #35: DCCCCCCBBABABB
Case #36: CCCCCBBBBAABAAA
Case #37: ONHDKFJALMEGCIB
Case #38: ZVVFHBBSFVSVPNP
Case #39: BB
Case #40: OMNACJBHIFEDKGL
Case #41: ONKGFEDCBAJHLMI
Case #42: MMIGFABCDEHJKLA
Case #43: CAB
Case #44: CCCCCCCABAABBBA
Case #45: ZAYBXCWDUE
Case #46: CBA
Case #47: ZDCBA
Case #48: CCCCCBBBBBAAAAA
Case #49: A
Case #50: CBBAAAAAAAAAAA
Case #51: MMKJGFDCBAEHILA
Case #52: CCCCCAABAABABAA
Case #53: CCCCCBBABBAABBA
Case #54: CCCCCBBBBAAAAAB
Case #55: OBELMJKHGAIDCNF
Case #56: BA
Case #57: CCCCCAABAABBBAA
Case #58: BBA
Case #59: MMLIHFEDCAAKJGB
Case #60: BBBBBAAAAAAAA
Case #61: BAA
Case #62: CCCAAAAABAABBBB
Case #63: CBA
Case #64: DCBBBBAAAAABA
Case #65: CCCCCABBBABBAAA
Case #66: XWTTTKKMKNFVTSB
Case #67: CCCCCBBBBBAAAAA
Case #68: CCCBBBBBAAABBAA
Case #69: BBA
Case #70: CCCCCBBBBBAAAAA
Case #71: CCCCCBBBBAAAAAB
Case #72: DCCCCBBBAAAAAB
Case #73: ONMKBCDHFEIJGLA
Case #74: CCBBBBAAAABABAA
Case #75: ZADBC
Case #76: OIGACFDELKHBNMJ
Case #77: ZVKBNNHLDVWYBKB
Case #78: CCCCBBAAABBABAA
Case #79: CBA
Case #80: ZYJFTSQVRVHLGFG
Case #81: CCBAAABBBABBA
Case #82: BAAA
Case #83: CCBBBBBAAAAABB
Case #84: OLKACDJHNEIGMFB
Case #85: MMKAJGDCBAEFHIL
Case #86: Z
Case #87: CCCCCBBAAAAABBB
Case #88: CCCCCBAABABBBBB
Case #89: RRBAACADABA
Case #90: OLIFBEDKGCJMHNA
Case #91: CCCCCBBBBBAAAAA
Case #92: ZEDCBAYXWU
Case #93: BBA
Case #94: BAAA
Case #95: CCCCCBBBBBAAAAA
Case #96: AAA
Case #97: DDCCBAAABBACC
Case #98: CCCCCCCCABBBAAA
Case #99: ZABYCXDWEU
Case #100: CCCCCBBBBBAAAAA
